<?xml version="1.0" encoding="UTF-8"?>
<!-- Generated by org.testng.reporters.JUnitReportReporter -->
<testsuite hostname="Hassans-MBP" failures="0" tests="1" name="TestRunner" time="6.595" errors="0" timestamp="2024-04-25T20:59:58 EDT" skipped="0">
  <testcase classname="TestRunner" name="runScenario" time="6.595"/>
</testsuite> <!-- TestRunner -->
